# JRE version: OpenJDK Runtime Environment (14.0+36) (build 14+36-1461)
# Java VM: OpenJDK 64-Bit Server VM (14+36-1461, mixed mode, sharing, tiered, compressed oops, g1 gc, windows-amd64)
Heap:
 garbage-first heap   total 262144K, used 17086K [0x00000000e0000000, 0x0000000100000000)
  region size 1024K, 10 young (10240K), 8 survivors (8192K)
 Metaspace       used 11782K, capacity 12286K, committed 12416K, reserved 278528K
  class space    used 1702K, capacity 1859K, committed 1920K, reserved 253952K
GC Heap History (10 events):
Event: 1.882 GC heap before
{Heap before GC invocations=0 (full 0):
 garbage-first heap   total 262144K, used 28672K [0x00000000e0000000, 0x0000000100000000)
  region size 1024K, 23 young (23552K), 0 survivors (0K)
 Metaspace       used 3903K, capacity 6653K, committed 6784K, reserved 262144K
  class space    used 512K, capacity 771K, committed 896K, reserved 253952K
}
Event: 1.928 GC heap after
{Heap after GC invocations=1 (full 0):
 garbage-first heap   total 262144K, used 8984K [0x00000000e0000000, 0x0000000100000000)
  region size 1024K, 3 young (3072K), 3 survivors (3072K)
 Metaspace       used 3903K, capacity 6653K, committed 6784K, reserved 262144K
  class space    used 512K, capacity 771K, committed 896K, reserved 253952K
}
Event: 2.215 GC heap before
{Heap before GC invocations=1 (full 0):
 garbage-first heap   total 262144K, used 35608K [0x00000000e0000000, 0x0000000100000000)
  region size 1024K, 30 young (30720K), 3 survivors (3072K)
 Metaspace       used 4074K, capacity 6654K, committed 6784K, reserved 262144K
  class space    used 514K, capacity 771K, committed 896K, reserved 253952K
}
Event: 2.219 GC heap after
{Heap after GC invocations=2 (full 0):
 garbage-first heap   total 262144K, used 12652K [0x00000000e0000000, 0x0000000100000000)
  region size 1024K, 4 young (4096K), 4 survivors (4096K)
 Metaspace       used 4074K, capacity 6654K, committed 6784K, reserved 262144K
  class space    used 514K, capacity 771K, committed 896K, reserved 253952K
}
Event: 4.106 GC heap before
{Heap before GC invocations=2 (full 0):
 garbage-first heap   total 262144K, used 49516K [0x00000000e0000000, 0x0000000100000000)
  region size 1024K, 41 young (41984K), 4 survivors (4096K)
 Metaspace       used 10364K, capacity 10847K, committed 10880K, reserved 270336K
  class space    used 1500K, capacity 1655K, committed 1664K, reserved 253952K
}
Event: 4.112 GC heap after
{Heap after GC invocations=3 (full 0):
 garbage-first heap   total 262144K, used 15209K [0x00000000e0000000, 0x0000000100000000)
  region size 1024K, 7 young (7168K), 7 survivors (7168K)
 Metaspace       used 10364K, capacity 10847K, committed 10880K, reserved 270336K
  class space    used 1500K, capacity 1655K, committed 1664K, reserved 253952K
}
Event: 4.291 GC heap before
{Heap before GC invocations=4 (full 0):
 garbage-first heap   total 262144K, used 22377K [0x00000000e0000000, 0x0000000100000000)
  region size 1024K, 15 young (15360K), 7 survivors (7168K)
 Metaspace       used 11403K, capacity 11865K, committed 12032K, reserved 270336K
  class space    used 1630K, capacity 1761K, committed 1792K, reserved 253952K
}
Event: 4.296 GC heap after
{Heap after GC invocations=5 (full 0):
 garbage-first heap   total 262144K, used 15585K [0x00000000e0000000, 0x0000000100000000)
  region size 1024K, 7 young (7168K), 7 survivors (7168K)
 Metaspace       used 11403K, capacity 11865K, committed 12032K, reserved 270336K
  class space    used 1630K, capacity 1761K, committed 1792K, reserved 253952K
}
Event: 4.321 GC heap before
{Heap before GC invocations=6 (full 0):
 garbage-first heap   total 262144K, used 16609K [0x00000000e0000000, 0x0000000100000000)
  region size 1024K, 9 young (9216K), 7 survivors (7168K)
 Metaspace       used 11574K, capacity 12059K, committed 12160K, reserved 276480K
  class space    used 1665K, capacity 1826K, committed 1920K, reserved 253952K
}
Event: 4.325 GC heap after
{Heap after GC invocations=7 (full 0):
 garbage-first heap   total 262144K, used 16062K [0x00000000e0000000, 0x0000000100000000)
  region size 1024K, 8 young (8192K), 8 survivors (8192K)
 Metaspace       used 11574K, capacity 12059K, committed 12160K, reserved 276480K
  class space    used 1665K, capacity 1826K, committed 1920K, reserved 253952K
}

